<?xml version="1.0" encoding="UTF-8"?>
<!-- Generated by org.testng.reporters.JUnitReportReporter -->
<testsuite hostname="LAPTOP-5U2CQ2KM" failures="0" tests="1" name="testCases.TC_001_AccountRegistrationTest" time="4.277" errors="0" timestamp="2024-06-14T22:05:24 BST" skipped="0">
  <testcase classname="testCases.TC_001_AccountRegistrationTest" name="verify_account_registration" time="4.277"/>
</testsuite> <!-- testCases.TC_001_AccountRegistrationTest -->
