<?xml version="1.0" encoding="UTF-8"?>
<!-- Generated by org.testng.reporters.JUnitReportReporter -->
<testsuite hostname="LAPTOP-5U2CQ2KM" failures="0" tests="1" name="testCases.TC_002_LoginTest" time="1.604" errors="0" timestamp="2024-06-15T20:56:34 BST" skipped="0">
  <testcase classname="testCases.TC_002_LoginTest" name="verify_login" time="1.604"/>
</testsuite> <!-- testCases.TC_002_LoginTest -->
